<?xml version="1.0" encoding="UTF-8" standalone="no"?>
<testsuite failures="1" name="cucumber.runtime.formatter.JUnitFormatter" skipped="0" tests="1" time="0">
    <testcase classname="OpenCart Abstracta" name="agregar un iphone al carrito de compras" time="0">
        <failure message="The scenario has pending or undefined step(s)"><![CDATA[Given realizar la busqueda del iPhone.......................................undefined
When escribir la palabra iPhone en el buscador..............................undefined
When seleccionar boton buscar...............................................undefined
When seleccionar la primera opcion..........................................undefined
When agregar el producto al carrito de compras..............................undefined
When ver carrito de compras.................................................undefined
Then validar que el iPhone seleccionado se encuentre en el carrito de compras.undefined
Given seleccionar boton Remove para quitar iPhone del carrito de compras....undefined
Then validar que el iPhone ya no se encuentre en el carrito de compras......undefined
]]></failure>
    </testcase>
</testsuite>
